Arguments: 
  C:\Program Files\nodejs\node.exe C:\Users\TaSM Image\AppData\Roaming\npm\node_modules\yarn\bin\yarn.js stat

PATH: 
  C:\Users\TaSM Image\Downloads\cmder\bin;C:\Users\TaSM Image\Downloads\cmder\vendor\conemu-maximus5\ConEmu\Scripts;C:\Users\TaSM Image\Downloads\cmder\vendor\conemu-maximus5;C:\Users\TaSM Image\Downloads\cmder\vendor\conemu-maximus5\ConEmu;C:\ProgramData\Oracle\Java\javapath;C:\Program Files\Common Files\Microsoft Shared\Windows Live;C:\Program Files (x86)\Common Files\Microsoft Shared\Windows Live;C:\Program Files (x86)\Intel\iCLS Client\;C:\Program Files\Intel\iCLS Client\;C:\Windows\system32;C:\Windows;C:\Windows\System32\Wbem;C:\Windows\System32\WindowsPowerShell\v1.0\;C:\Program Files\Intel\WiFi\bin\;C:\Program Files\Common Files\Intel\WirelessCommon\;C:\Program Files (x86)\Windows Live\Shared;C:\Program Files (x86)\QuickTime\QTSystem\;C:\Program Files\Intel\Intel(R) Management Engine Components\DAL;C:\Program Files\Intel\Intel(R) Management Engine Components\IPT;C:\Program Files (x86)\Intel\Intel(R) Management Engine Components\DAL;C:\Program Files (x86)\Intel\Intel(R) Management Engine Components\IPT;C:\Program Files (x86)\Skype\Phone\;C:\Program Files\nodejs\;C:\Program Files\Git\cmd;C:\Program Files\MongoDB\Server\3.6\bin;C:\Program Files\dotnet\;C:\Program Files\Microsoft SQL Server\130\Tools\Binn\;C:\Program Files\Heroku\bin;C:\Users\TaSM Image\AppData\Roaming\npm;C:\Users\TaSM Image\AppData\Local\atom\bin;C:\Program Files\Git\usr\bin;C:\Program Files\Git\usr\share\vim\vim74;C:\Users\TaSM Image\Downloads\cmder\

Yarn version: 
  1.5.1

Node version: 
  6.11.2

Platform: 
  win32 x64

npm manifest: 
  {
    "name": "flightdata",
    "version": "1.0.0",
    "description": "",
    "main": "flightdata.js",
    "scripts": {
      "prestart": "start mongod && sleep 3",
      "test": "nodemon test.js",
      "start": "nodemon server.js"
    },
    "author": "",
    "license": "ISC",
    "dependencies": {
      "body-parser": "^1.18.2",
      "express": "^4.16.2",
      "express-fileupload": "^0.4.0",
      "fast-csv": "^2.4.1",
      "file-system": "^2.2.2",
      "json2csv": "^3.11.1",
      "mongojs": "^2.5.0",
      "mongoose": "^5.0.14",
      "morgan": "^1.9.0",
      "nightmare": "^3.0.1",
      "nodemon": "^1.17.3",
      "path": "^0.12.7",
      "server2": "0.0.1"
    }
  }

yarn manifest: 
  No manifest

Lockfile: 
  No lockfile

Trace: 
  Error: Command "stat" not found. Did you mean "start"?
      at MessageError.Error (native)
      at new MessageError (C:\Users\TaSM Image\AppData\Roaming\npm\node_modules\yarn\lib\cli.js:186:110)
      at C:\Users\TaSM Image\AppData\Roaming\npm\node_modules\yarn\lib\cli.js:87307:17
      at next (native)
      at step (C:\Users\TaSM Image\AppData\Roaming\npm\node_modules\yarn\lib\cli.js:98:30)
      at C:\Users\TaSM Image\AppData\Roaming\npm\node_modules\yarn\lib\cli.js:116:14
      at Promise.F (C:\Users\TaSM Image\AppData\Roaming\npm\node_modules\yarn\lib\cli.js:23451:28)
      at C:\Users\TaSM Image\AppData\Roaming\npm\node_modules\yarn\lib\cli.js:95:12
      at runCommand (C:\Users\TaSM Image\AppData\Roaming\npm\node_modules\yarn\lib\cli.js:87312:22)
      at Object.<anonymous> (C:\Users\TaSM Image\AppData\Roaming\npm\node_modules\yarn\lib\cli.js:87412:14)
